# from https://github.com/runetfreedom/russia-domains-list/blob/main/ru-available-only-inside

rzd.ru          # Russian Railways
rzd-bonus.ru    # Russian Railways Bonus Program
pochta.ru       # Russian Post
russianpost.ru  # Russian Post (domain for mobile app)
dzvr.ru         # Directorate of railway stations

# Other

avtodor-tr.ru
onelya.ru
bitrix.info
bkvet.ru
ozon.ru
ozone.ru
ozonusercontent.com
yadro.ru
yandex.ru # Not blocked, but actually non functional due to huge amount of captcha
yandex.net
kinopoisk.ru
lemanapro.ru
leroymerlin.ru
mosenergosbyt.ru
mosoblgaz.ru
mosobleirc.ru
xn--90aijkdmaud0d.xn--p1ai # мособлеирц.рф

pesc.ru
showip.net
ttk.ru
yandex.ru # Not blocked, but actually non functional due to huge amount of captcha
yandex.net
kinopoisk.ru
lemanapro.ru
leroymerlin.ru
mosenergosbyt.ru
mosoblgaz.ru
mosobleirc.ru
xn--90aijkdmaud0d.xn--p1ai # мособлеирц.рф

pesc.ru
showip.net
ttk.ru


