# no US ip

+.bybit-aws.com
+.bybit.com

# apple
# +.apple.com
# +.icloud.com
+.apple-dns.net

# домены, IP которых неправильно определяется как не Ру
+.tns-e.ru
+.kinopoisk.ru
+.centrinvest.ru

# сайты, которые открываются только внутри России

+.rzd.ru
+.rzd-bonus.ru
+.pochta.ru
+.russianpost.ru
+.dzvr.ru

# other

+.avtodor-tr.ru
+.onelya.ru
+.bitrix.info
+.bkvet.ru
+.ozon.ru
+.ozone.ru
+.ozonusercontent.com
+.yadro.ru
+.kinopoisk.ru
+.lemanapro.ru
+.leroymerlin.ru
+.mosenergosbyt.ru
+.mosoblgaz.ru
+.mosobleirc.ru
+.xn--90aijkdmaud0d.xn--p1ai

+.pesc.ru
+.showip.net
+.ttk.ru


# avito
+.avito.ru
+.avito.st
+.adriver.ru
+.uxfeedback.ru
+.hybrid.ai
+.simbad.pro
+.taglitics.com
+.soloway.ru
+.tube.buzzoola.com

# rutube
+.weborama-tech.ru
+.rutube.ru
+.expf.ru
+.vigo.one
+.adfox.ru
+.rutubelist.ru
+.uxfeedback.ru
+.code.createjs.com
+.rtbcdn.ru
+.tns-counter.ru
